Added Component: Designator=D1(LED)
Added Component: Designator=K1(KEY1)
Added Component: Designator=K2(KEY1)
Added Component: Designator=K3(KEY1)
Added Component: Designator=R1(R-DIP)
Added Component: Designator=R2(R-DIP)
Added Component: Designator=R3(R-DIP)
Added Component: Designator=R4(R-DIP)
Added Component: Designator=U1(DCM)
Added Component: Designator=U2(KG1)
Added Component: Designator=U3(HDR1X4)
Added Component: Designator=U5(HDR1X4)
Added Component: Designator=U6(SIP2)
Added Component: Designator=U7(PNP)
Added Component: Designator=U8(PNP)
Added Component: Designator=U9(BEEP)
Added Component: Designator=U10(BEEP)
Added Pin To Net: NetName=+3V3 Pin=R1-1
Added Pin To Net: NetName=+3V3 Pin=U3-1
Added Pin To Net: NetName=+3V3 Pin=U7-2
Added Pin To Net: NetName=+3V3 Pin=U8-2
Added Net: Name=+3V3
Added Pin To Net: NetName=ALARM Pin=R3-1
Added Net: Name=ALARM
Added Pin To Net: NetName=DATA1 Pin=R1-2
Added Pin To Net: NetName=DATA1 Pin=U3-2
Added Net: Name=DATA1
Added Pin To Net: NetName=DJ Pin=R4-1
Added Net: Name=DJ
Added Pin To Net: NetName=GND Pin=D1-2
Added Pin To Net: NetName=GND Pin=K1-1
Added Pin To Net: NetName=GND Pin=K1-1
Added Pin To Net: NetName=GND Pin=K2-1
Added Pin To Net: NetName=GND Pin=K2-1
Added Pin To Net: NetName=GND Pin=K3-1
Added Pin To Net: NetName=GND Pin=K3-1
Added Pin To Net: NetName=GND Pin=U1-2
Added Pin To Net: NetName=GND Pin=U1-3
Added Pin To Net: NetName=GND Pin=U3-4
Added Pin To Net: NetName=GND Pin=U5-1
Added Pin To Net: NetName=GND Pin=U9-2
Added Pin To Net: NetName=GND Pin=U10-2
Added Net: Name=GND
Added Pin To Net: NetName=K1 Pin=K1-2
Added Pin To Net: NetName=K1 Pin=K1-2
Added Net: Name=K1
Added Pin To Net: NetName=K2 Pin=K2-2
Added Pin To Net: NetName=K2 Pin=K2-2
Added Net: Name=K2
Added Pin To Net: NetName=K3 Pin=K3-2
Added Pin To Net: NetName=K3 Pin=K3-2
Added Net: Name=K3
Added Pin To Net: NetName=LED Pin=R2-2
Added Net: Name=LED
Added Pin To Net: NetName=NetD1_1 Pin=D1-1
Added Pin To Net: NetName=NetD1_1 Pin=R2-1
Added Net: Name=NetD1_1
Added Pin To Net: NetName=NetR3_2 Pin=R3-2
Added Pin To Net: NetName=NetR3_2 Pin=U7-1
Added Net: Name=NetR3_2
Added Pin To Net: NetName=NetR4_2 Pin=R4-2
Added Pin To Net: NetName=NetR4_2 Pin=U8-1
Added Net: Name=NetR4_2
Added Pin To Net: NetName=NetU1_1 Pin=U1-1
Added Pin To Net: NetName=NetU1_1 Pin=U2-1
Added Net: Name=NetU1_1
Added Pin To Net: NetName=NetU7_3 Pin=U7-3
Added Pin To Net: NetName=NetU7_3 Pin=U9-1
Added Net: Name=NetU7_3
Added Pin To Net: NetName=NetU8_3 Pin=U8-3
Added Pin To Net: NetName=NetU8_3 Pin=U10-1
Added Net: Name=NetU8_3
Added Pin To Net: NetName=SCK Pin=U5-3
Added Net: Name=SCK
Added Pin To Net: NetName=SCL Pin=U5-4
Added Net: Name=SCL
Added Pin To Net: NetName=URXD Pin=U6-2
Added Net: Name=URXD
Added Pin To Net: NetName=UTXD Pin=U6-1
Added Net: Name=UTXD
Added Pin To Net: NetName=VCC Pin=U2-3
Added Pin To Net: NetName=VCC Pin=U5-2
Added Net: Name=VCC
Added Class: Name=STM32 ²èÒ¶ÎÂÊª¶È
Added Room: Name=STM32 ²èÒ¶ÎÂÊª¶È
